<?xml version="1.0" encoding="UTF-8"?>
<testsuite errors="0" failures="0" skip="0" tests="2" name="Acceptance">
<testcase classname="Acceptance.Multiples Of" time="0" name="Hello world">
</testcase>
<testcase classname="Acceptance.Multiples Of" time="0" name="Test multiples should contain">
</testcase>
</testsuite>
